[23:12:52] [main/INFO] [LaunchWrapper]: Loading tweak class name net.minecraftforge.fml.common.launcher.FMLServerTweaker
[23:12:52] [main/INFO] [LaunchWrapper]: Using primary tweak class name net.minecraftforge.fml.common.launcher.FMLServerTweaker
[23:12:52] [main/INFO] [LaunchWrapper]: Calling tweak class net.minecraftforge.fml.common.launcher.FMLServerTweaker
[23:12:52] [main/DEBUG] [FML]: Injecting tracing printstreams for STDOUT/STDERR.
[23:12:52] [main/INFO] [FML]: Forge Mod Loader version 14.23.5.2860 for Minecraft 1.12.2 loading
[23:12:52] [main/INFO] [FML]: Java is Java HotSpot(TM) 64-Bit Server VM, version 1.8.0_371, running on Linux:aarch64:5.15.0-101.103.2.1.el8uek.aarch64, installed at /usr/lib/jvm/jdk-1.8-oracle-aarch64/jre
[23:12:52] [main/DEBUG] [FML]: Java classpath at launch is:
[23:12:52] [main/DEBUG] [FML]:     /home/opc/minecraft/forge-1.12.2-14.23.5.2860.jar
[23:12:52] [main/DEBUG] [FML]: Java library path at launch is:
[23:12:52] [main/DEBUG] [FML]:     /usr/java/packages/lib/aarch64
[23:12:52] [main/DEBUG] [FML]:     /lib
[23:12:52] [main/DEBUG] [FML]:     /usr/lib
[23:12:52] [main/DEBUG] [FML]: Determined Minecraft Libraries Root: /home/opc/minecraft/libraries
[23:12:52] [main/DEBUG] [FML]: Enabling runtime deobfuscation
[23:12:52] [main/DEBUG] [FML]: Instantiating coremod class FMLCorePlugin
[23:12:52] [main/DEBUG] [FML]: Found signing certificates for coremod FMLCorePlugin (net.minecraftforge.fml.relauncher.FMLCorePlugin)
[23:12:52] [main/DEBUG] [FML]: Found certificate e3c3d50c7c986df74c645c0ac54639741c90a557
[23:12:52] [main/DEBUG] [FML]: Added access transformer class net.minecraftforge.fml.common.asm.transformers.AccessTransformer to enqueued access transformers
[23:12:52] [main/DEBUG] [FML]: Enqueued coremod FMLCorePlugin
[23:12:52] [main/DEBUG] [FML]: Instantiating coremod class FMLForgePlugin
[23:12:52] [main/DEBUG] [FML]: Found signing certificates for coremod FMLForgePlugin (net.minecraftforge.classloading.FMLForgePlugin)
[23:12:52] [main/DEBUG] [FML]: Found certificate e3c3d50c7c986df74c645c0ac54639741c90a557
[23:12:52] [main/DEBUG] [FML]: Enqueued coremod FMLForgePlugin
[23:12:52] [main/DEBUG] [FML]: All fundamental core mods are successfully located
[23:12:52] [main/DEBUG] [FML]: Discovering coremods
[23:12:52] [main/INFO] [FML]: Searching /home/opc/scripts/./mods for mods
[23:12:52] [main/INFO] [LaunchWrapper]: Loading tweak class name net.minecraftforge.fml.common.launcher.FMLInjectionAndSortingTweaker
[23:12:52] [main/INFO] [LaunchWrapper]: Loading tweak class name net.minecraftforge.fml.common.launcher.FMLDeobfTweaker
[23:12:52] [main/INFO] [LaunchWrapper]: Calling tweak class net.minecraftforge.fml.common.launcher.FMLInjectionAndSortingTweaker
[23:12:52] [main/INFO] [LaunchWrapper]: Calling tweak class net.minecraftforge.fml.common.launcher.FMLInjectionAndSortingTweaker
[23:12:52] [main/INFO] [LaunchWrapper]: Calling tweak class net.minecraftforge.fml.relauncher.CoreModManager$FMLPluginWrapper
[23:12:52] [main/DEBUG] [FML]: Injecting coremod FMLCorePlugin \{net.minecraftforge.fml.relauncher.FMLCorePlugin\} class transformers
[23:12:52] [main/TRACE] [FML]: Registering transformer net.minecraftforge.fml.common.asm.transformers.SideTransformer
[23:12:52] [main/TRACE] [FML]: Registering transformer net.minecraftforge.fml.common.asm.transformers.EventSubscriptionTransformer
[23:12:52] [main/TRACE] [FML]: Registering transformer net.minecraftforge.fml.common.asm.transformers.EventSubscriberTransformer
[23:12:52] [main/TRACE] [FML]: Registering transformer net.minecraftforge.fml.common.asm.transformers.SoundEngineFixTransformer
[23:12:52] [main/DEBUG] [FML]: Injection complete
[23:12:52] [main/DEBUG] [FML]: Running coremod plugin for FMLCorePlugin \{net.minecraftforge.fml.relauncher.FMLCorePlugin\}
[23:12:52] [main/DEBUG] [FML]: Running coremod plugin FMLCorePlugin
[23:12:53] [main/DEBUG] [FML]: Read 1154 binary patches
[23:12:53] [main/DEBUG] [FML]: Loading deobfuscation resource /deobfuscation_data-1.12.2.lzma with 36076 records
[23:12:54] [main/INFO] [FML]: Found valid fingerprint for Minecraft Forge. Certificate fingerprint e3c3d50c7c986df74c645c0ac54639741c90a557
[23:12:54] [main/DEBUG] [FML]: Coremod plugin class FMLCorePlugin run successfully
[23:12:54] [main/INFO] [LaunchWrapper]: Calling tweak class net.minecraftforge.fml.relauncher.CoreModManager$FMLPluginWrapper
[23:12:54] [main/DEBUG] [FML]: Injecting coremod FMLForgePlugin \{net.minecraftforge.classloading.FMLForgePlugin\} class transformers
[23:12:54] [main/DEBUG] [FML]: Injection complete
[23:12:54] [main/DEBUG] [FML]: Running coremod plugin for FMLForgePlugin \{net.minecraftforge.classloading.FMLForgePlugin\}
[23:12:54] [main/DEBUG] [FML]: Running coremod plugin FMLForgePlugin
[23:12:54] [main/DEBUG] [FML]: Coremod plugin class FMLForgePlugin run successfully
[23:12:54] [main/INFO] [LaunchWrapper]: Calling tweak class net.minecraftforge.fml.common.launcher.FMLDeobfTweaker
[23:12:54] [main/DEBUG] [FML]: Loaded 215 rules from AccessTransformer config file forge_at.cfg
[23:12:54] [main/DEBUG] [FML]: Validating minecraft
[23:12:54] [main/DEBUG] [FML]: Minecraft validated, launching...
[23:12:54] [main/INFO] [LaunchWrapper]: Loading tweak class name net.minecraftforge.fml.common.launcher.TerminalTweaker
[23:12:54] [main/INFO] [LaunchWrapper]: Calling tweak class net.minecraftforge.fml.common.launcher.TerminalTweaker
[23:12:54] [main/INFO] [LaunchWrapper]: Launching wrapped minecraft {net.minecraft.server.MinecraftServer}
[23:12:54] [main/WARN] [net.minecraft.server.ServerEula]: Failed to load eula.txt
[23:12:54] [main/INFO] [net.minecraft.server.MinecraftServer]: You need to agree to the EULA in order to run the server. Go to eula.txt for more info.
